/home/clasocki/20news-bydate/20news-bydate-train/misc.forsale/76548
/home/clasocki/20news-bydate/20news-bydate-train/misc.forsale/75991
/home/clasocki/20news-bydate/20news-bydate-train/misc.forsale/76112
/home/clasocki/20news-bydate/20news-bydate-train/rec.sport.baseball/104572
/home/clasocki/20news-bydate/20news-bydate-train/rec.sport.baseball/104471
/home/clasocki/20news-bydate/20news-bydate-train/rec.sport.baseball/104562
/home/clasocki/20news-bydate/20news-bydate-train/rec.sport.baseball/104474
/home/clasocki/20news-bydate/20news-bydate-train/rec.sport.baseball/104352
/home/clasocki/20news-bydate/20news-bydate-train/rec.sport.baseball/104419
/home/clasocki/20news-bydate/20news-bydate-train/alt.atheism/52499
/home/clasocki/20news-bydate/20news-bydate-train/alt.atheism/52909
/home/clasocki/20news-bydate/20news-bydate-train/alt.atheism/52910
/home/clasocki/20news-bydate/20news-bydate-train/alt.atheism/51060
/home/clasocki/20news-bydate/20news-bydate-train/alt.atheism/49960
/home/clasocki/20news-bydate/20news-bydate-train/talk.politics.guns/54380
/home/clasocki/20news-bydate/20news-bydate-train/comp.windows.x/67305
/home/clasocki/20news-bydate/20news-bydate-train/comp.windows.x/66871
/home/clasocki/20news-bydate/20news-bydate-train/rec.autos/103196
/home/clasocki/20news-bydate/20news-bydate-train/rec.autos/101596
/home/clasocki/20news-bydate/20news-bydate-train/sci.electronics/53721
/home/clasocki/20news-bydate/20news-bydate-train/sci.electronics/53883
/home/clasocki/20news-bydate/20news-bydate-train/sci.electronics/53803
/home/clasocki/20news-bydate/20news-bydate-train/talk.religion.misc/82776
/home/clasocki/20news-bydate/20news-bydate-train/talk.religion.misc/83651
/home/clasocki/20news-bydate/20news-bydate-train/talk.religion.misc/83777
/home/clasocki/20news-bydate/20news-bydate-train/comp.sys.mac.hardware/50467
/home/clasocki/20news-bydate/20news-bydate-train/comp.sys.mac.hardware/51892
/home/clasocki/20news-bydate/20news-bydate-train/comp.sys.mac.hardware/51904
/home/clasocki/20news-bydate/20news-bydate-train/comp.sys.mac.hardware/51591
/home/clasocki/20news-bydate/20news-bydate-train/comp.sys.mac.hardware/51592
/home/clasocki/20news-bydate/20news-bydate-train/sci.med/59055
/home/clasocki/20news-bydate/20news-bydate-train/sci.med/59239
/home/clasocki/20news-bydate/20news-bydate-train/comp.os.ms-windows.misc/9981
/home/clasocki/20news-bydate/20news-bydate-train/comp.os.ms-windows.misc/9542
/home/clasocki/20news-bydate/20news-bydate-train/comp.os.ms-windows.misc/9985
/home/clasocki/20news-bydate/20news-bydate-train/comp.os.ms-windows.misc/9753
/home/clasocki/20news-bydate/20news-bydate-train/comp.os.ms-windows.misc/9978
/home/clasocki/20news-bydate/20news-bydate-train/comp.os.ms-windows.misc/9763
/home/clasocki/20news-bydate/20news-bydate-train/comp.os.ms-windows.misc/9544
/home/clasocki/20news-bydate/20news-bydate-train/comp.os.ms-windows.misc/9543
/home/clasocki/20news-bydate/20news-bydate-train/comp.os.ms-windows.misc/9980
/home/clasocki/20news-bydate/20news-bydate-train/comp.os.ms-windows.misc/9979
/home/clasocki/20news-bydate/20news-bydate-train/comp.os.ms-windows.misc/9830
/home/clasocki/20news-bydate/20news-bydate-train/talk.politics.mideast/76277
/home/clasocki/20news-bydate/20news-bydate-train/comp.sys.ibm.pc.hardware/60366
/home/clasocki/20news-bydate/20news-bydate-train/comp.sys.ibm.pc.hardware/60498
/home/clasocki/20news-bydate/20news-bydate-train/comp.graphics/38568
/home/clasocki/20news-bydate/20news-bydate-train/comp.graphics/38291
/home/clasocki/20news-bydate/20news-bydate-train/comp.graphics/38571
/home/clasocki/20news-bydate/20news-bydate-train/comp.graphics/38757
/home/clasocki/20news-bydate/20news-bydate-train/comp.graphics/38490
/home/clasocki/20news-bydate/20news-bydate-train/comp.graphics/38489
/home/clasocki/20news-bydate/20news-bydate-train/sci.crypt/15672
/home/clasocki/20news-bydate/20news-bydate-train/sci.crypt/15545
/home/clasocki/20news-bydate/20news-bydate-train/sci.space/60975
