/home/clasocki/20news-bydate/20news-bydate-test/rec.sport.baseball/104984
/home/clasocki/20news-bydate/20news-bydate-test/alt.atheism/53457
/home/clasocki/20news-bydate/20news-bydate-test/alt.atheism/54163
/home/clasocki/20news-bydate/20news-bydate-test/alt.atheism/54164
/home/clasocki/20news-bydate/20news-bydate-test/talk.politics.misc/178873
/home/clasocki/20news-bydate/20news-bydate-test/talk.politics.misc/179031
/home/clasocki/20news-bydate/20news-bydate-test/talk.politics.guns/55083
/home/clasocki/20news-bydate/20news-bydate-test/comp.windows.x/67462
/home/clasocki/20news-bydate/20news-bydate-test/comp.windows.x/68001
/home/clasocki/20news-bydate/20news-bydate-test/comp.windows.x/67988
/home/clasocki/20news-bydate/20news-bydate-test/comp.windows.x/67987
/home/clasocki/20news-bydate/20news-bydate-test/rec.autos/103694
/home/clasocki/20news-bydate/20news-bydate-test/rec.autos/103700
/home/clasocki/20news-bydate/20news-bydate-test/rec.autos/103725
/home/clasocki/20news-bydate/20news-bydate-test/rec.autos/103278
/home/clasocki/20news-bydate/20news-bydate-test/sci.electronics/54071
/home/clasocki/20news-bydate/20news-bydate-test/sci.electronics/54070
/home/clasocki/20news-bydate/20news-bydate-test/sci.electronics/54485
/home/clasocki/20news-bydate/20news-bydate-test/comp.sys.mac.hardware/52164
/home/clasocki/20news-bydate/20news-bydate-test/comp.sys.mac.hardware/52033
/home/clasocki/20news-bydate/20news-bydate-test/comp.sys.mac.hardware/52165
/home/clasocki/20news-bydate/20news-bydate-test/comp.sys.mac.hardware/52196
/home/clasocki/20news-bydate/20news-bydate-test/sci.med/59535
/home/clasocki/20news-bydate/20news-bydate-test/comp.os.ms-windows.misc/10140
/home/clasocki/20news-bydate/20news-bydate-test/comp.sys.ibm.pc.hardware/60868
/home/clasocki/20news-bydate/20news-bydate-test/comp.sys.ibm.pc.hardware/61116
/home/clasocki/20news-bydate/20news-bydate-test/comp.sys.ibm.pc.hardware/60936
/home/clasocki/20news-bydate/20news-bydate-test/rec.sport.hockey/54516
/home/clasocki/20news-bydate/20news-bydate-test/rec.sport.hockey/54042
/home/clasocki/20news-bydate/20news-bydate-test/rec.sport.hockey/54769
/home/clasocki/20news-bydate/20news-bydate-test/rec.sport.hockey/54036
/home/clasocki/20news-bydate/20news-bydate-test/sci.space/61534
